# JRE version: Java(TM) SE Runtime Environment (8.0-b132) (build 1.8.0-b132)
# Java VM: Java HotSpot(TM) Client VM (25.0-b70 mixed mode windows-x86 )
Heap:
 def new generation   total 37056K, used 21496K [0x04000000, 0x06830000, 0x09550000)
  eden space 32960K,  65% used [0x04000000, 0x054fe080, 0x06030000)
  from space 4096K,   0% used [0x06030000, 0x06030000, 0x06430000)
  to   space 4096K,   0% used [0x06430000, 0x06430000, 0x06830000)
 tenured generation   total 82204K, used 49320K [0x09550000, 0x0e597000, 0x14000000)
   the space 82204K,  59% used [0x09550000, 0x0c57a190, 0x0c57a200, 0x0e597000)
 Metaspace       used 8747K, capacity 8827K, committed 8960K, reserved 9600K
GC Heap History (10 events):
Event: 3.395 GC heap before
{Heap before GC invocations=5 (full 0):
 def new generation   total 4928K, used 2738K [0x04000000, 0x04550000, 0x09550000)
  eden space 4416K,  61% used [0x04000000, 0x042a42e0, 0x04450000)
  from space 512K,   6% used [0x044d0000, 0x044d8768, 0x04550000)
  to   space 512K,   0% used [0x04450000, 0x04450000, 0x044d0000)
 tenured generation   total 10944K, used 9691K [0x09550000, 0x0a000000, 0x14000000)
   the space 10944K,  88% used [0x09550000, 0x09ec6c30, 0x09ec6e00, 0x0a000000)
 Metaspace       used 8465K, capacity 8507K, committed 8576K, reserved 8576K
Event: 3.427 GC heap after
Heap after GC invocations=6 (full 1):
 def new generation   total 7424K, used 0K [0x04000000, 0x04800000, 0x09550000)
  eden space 6656K,   0% used [0x04000000, 0x04000000, 0x04680000)
  from space 768K,   0% used [0x04680000, 0x04680000, 0x04740000)
  to   space 768K,   0% used [0x04740000, 0x04740000, 0x04800000)
 tenured generation   total 16192K, used 9714K [0x09550000, 0x0a520000, 0x14000000)
   the space 16192K,  59% used [0x09550000, 0x09eccb70, 0x09eccc00, 0x0a520000)
 Metaspace       used 8465K, capacity 8507K, committed 8576K, reserved 8576K
}
Event: 3.468 GC heap before
{Heap before GC invocations=6 (full 1):
 def new generation   total 7424K, used 6476K [0x04000000, 0x04800000, 0x09550000)
  eden space 6656K,  97% used [0x04000000, 0x04653088, 0x04680000)
  from space 768K,   0% used [0x04680000, 0x04680000, 0x04740000)
  to   space 768K,   0% used [0x04740000, 0x04740000, 0x04800000)
 tenured generation   total 16192K, used 9714K [0x09550000, 0x0a520000, 0x14000000)
   the space 16192K,  59% used [0x09550000, 0x09eccb70, 0x09eccc00, 0x0a520000)
 Metaspace       used 8476K, capacity 8507K, committed 8576K, reserved 8576K
Event: 3.475 GC heap after
Heap after GC invocations=7 (full 1):
 def new generation   total 7424K, used 11K [0x04000000, 0x04800000, 0x09550000)
  eden space 6656K,   0% used [0x04000000, 0x04000000, 0x04680000)
  from space 768K,   1% used [0x04740000, 0x04742cb8, 0x04800000)
  to   space 768K,   0% used [0x04680000, 0x04680000, 0x04740000)
 tenured generation   total 16192K, used 16014K [0x09550000, 0x0a520000, 0x14000000)
   the space 16192K,  98% used [0x09550000, 0x0a4f3b90, 0x0a4f3c00, 0x0a520000)
 Metaspace       used 8476K, capacity 8507K, committed 8576K, reserved 8576K
}
Event: 3.527 GC heap before
{Heap before GC invocations=7 (full 1):
 def new generation   total 7424K, used 6351K [0x04000000, 0x04800000, 0x09550000)
  eden space 6656K,  95% used [0x04000000, 0x04631220, 0x04680000)
  from space 768K,   1% used [0x04740000, 0x04742cb8, 0x04800000)
  to   space 768K,   0% used [0x04680000, 0x04680000, 0x04740000)
 tenured generation   total 16192K, used 16014K [0x09550000, 0x0a520000, 0x14000000)
   the space 16192K,  98% used [0x09550000, 0x0a4f3b90, 0x0a4f3c00, 0x0a520000)
 Metaspace       used 8478K, capacity 8507K, committed 8576K, reserved 8576K
Event: 3.541 GC heap after
Heap after GC invocations=8 (full 2):
 def new generation   total 16832K, used 0K [0x04000000, 0x05240000, 0x09550000)
  eden space 14976K,   0% used [0x04000000, 0x04000000, 0x04ea0000)
  from space 1856K,   0% used [0x04ea0000, 0x04ea0000, 0x05070000)
  to   space 1856K,   0% used [0x05070000, 0x05070000, 0x05240000)
 tenured generation   total 37200K, used 22318K [0x09550000, 0x0b9a4000, 0x14000000)
   the space 37200K,  59% used [0x09550000, 0x0ab1b990, 0x0ab1ba00, 0x0b9a4000)
 Metaspace       used 8478K, capacity 8507K, committed 8576K, reserved 8576K
}
Event: 3.685 GC heap before
{Heap before GC invocations=8 (full 2):
 def new generation   total 16832K, used 12671K [0x04000000, 0x05240000, 0x09550000)
  eden space 14976K,  84% used [0x04000000, 0x04c5fd08, 0x04ea0000)
  from space 1856K,   0% used [0x04ea0000, 0x04ea0000, 0x05070000)
  to   space 1856K,   0% used [0x05070000, 0x05070000, 0x05240000)
 tenured generation   total 37200K, used 22318K [0x09550000, 0x0b9a4000, 0x14000000)
   the space 37200K,  59% used [0x09550000, 0x0ab1b990, 0x0ab1ba00, 0x0b9a4000)
 Metaspace       used 8481K, capacity 8539K, committed 8576K, reserved 8576K
Event: 3.698 GC heap after
Heap after GC invocations=9 (full 2):
 def new generation   total 16832K, used 4K [0x04000000, 0x05240000, 0x09550000)
  eden space 14976K,   0% used [0x04000000, 0x04000000, 0x04ea0000)
  from space 1856K,   0% used [0x05070000, 0x050710b8, 0x05240000)
  to   space 1856K,   0% used [0x04ea0000, 0x04ea0000, 0x05070000)
 tenured generation   total 37200K, used 34918K [0x09550000, 0x0b9a4000, 0x14000000)
   the space 37200K,  93% used [0x09550000, 0x0b7699d0, 0x0b769a00, 0x0b9a4000)
 Metaspace       used 8481K, capacity 8539K, committed 8576K, reserved 8576K
}
Event: 3.949 GC heap before
{Heap before GC invocations=9 (full 2):
 def new generation   total 16832K, used 14451K [0x04000000, 0x05240000, 0x09550000)
  eden space 14976K,  96% used [0x04000000, 0x04e1bbd8, 0x04ea0000)
  from space 1856K,   0% used [0x05070000, 0x050710b8, 0x05240000)
  to   space 1856K,   0% used [0x04ea0000, 0x04ea0000, 0x05070000)
 tenured generation   total 37200K, used 34918K [0x09550000, 0x0b9a4000, 0x14000000)
   the space 37200K,  93% used [0x09550000, 0x0b7699d0, 0x0b769a00, 0x0b9a4000)
 Metaspace       used 8481K, capacity 8539K, committed 8576K, reserved 8576K
Event: 3.968 GC heap after
Heap after GC invocations=10 (full 3):
 def new generation   total 37056K, used 0K [0x04000000, 0x06830000, 0x09550000)
  eden space 32960K,   0% used [0x04000000, 0x04000000, 0x06030000)
  from space 4096K,   0% used [0x06030000, 0x06030000, 0x06430000)
  to   space 4096K,   0% used [0x06430000, 0x06430000, 0x06830000)
 tenured generation   total 82204K, used 49320K [0x09550000, 0x0e597000, 0x14000000)
   the space 82204K,  59% used [0x09550000, 0x0c57a190, 0x0c57a200, 0x0e597000)
 Metaspace       used 8481K, capacity 8539K, committed 8576K, reserved 8576K
}

